  animation.cpp
  camera.cpp
  d2dManager.cpp
c:\users\user\desktop\project_minigame\project_minigame_181227\scripts\d2dmanager.cpp(140): warning C4244: '=': 'double'에서 'FLOAT'(으)로 변환하면서 데이터가 손실될 수 있습니다.
c:\users\user\desktop\project_minigame\project_minigame_181227\scripts\d2dmanager.cpp(141): warning C4244: '=': 'double'에서 'FLOAT'(으)로 변환하면서 데이터가 손실될 수 있습니다.
c:\users\user\desktop\project_minigame\project_minigame_181227\scripts\d2dmanager.cpp(142): warning C4244: '=': 'double'에서 'FLOAT'(으)로 변환하면서 데이터가 손실될 수 있습니다.
c:\users\user\desktop\project_minigame\project_minigame_181227\scripts\d2dmanager.cpp(143): warning C4244: '=': 'double'에서 'FLOAT'(으)로 변환하면서 데이터가 손실될 수 있습니다.
c:\users\user\desktop\project_minigame\project_minigame_181227\scripts\d2dmanager.cpp(169): warning C4244: '=': 'double'에서 'FLOAT'(으)로 변환하면서 데이터가 손실될 수 있습니다.
c:\users\user\desktop\project_minigame\project_minigame_181227\scripts\d2dmanager.cpp(170): warning C4244: '=': 'double'에서 'FLOAT'(으)로 변환하면서 데이터가 손실될 수 있습니다.
c:\users\user\desktop\project_minigame\project_minigame_181227\scripts\d2dmanager.cpp(171): warning C4244: '=': 'double'에서 'FLOAT'(으)로 변환하면서 데이터가 손실될 수 있습니다.
c:\users\user\desktop\project_minigame\project_minigame_181227\scripts\d2dmanager.cpp(172): warning C4244: '=': 'double'에서 'FLOAT'(으)로 변환하면서 데이터가 손실될 수 있습니다.
  gameNode.cpp
c:\users\user\desktop\project_minigame\project_minigame_181227\scripts\gamenode.cpp(73): warning C4101: 'hdc' :참조되지 않은 지역 변수입니다.
c:\users\user\desktop\project_minigame\project_minigame_181227\scripts\gamenode.cpp(72): warning C4101: 'ps' :참조되지 않은 지역 변수입니다.
  gameObject.cpp
c:\users\user\desktop\project_minigame\project_minigame_181227\scripts\gameobject.cpp(24): warning C4244: '인수': 'LONG'에서 'float'(으)로 변환하면서 데이터가 손실될 수 있습니다.
c:\users\user\desktop\project_minigame\project_minigame_181227\scripts\gameobject.cpp(23): warning C4244: '인수': 'LONG'에서 'float'(으)로 변환하면서 데이터가 손실될 수 있습니다.
c:\users\user\desktop\project_minigame\project_minigame_181227\scripts\gameobject.cpp(27): warning C4244: '인수': 'LONG'에서 'float'(으)로 변환하면서 데이터가 손실될 수 있습니다.
c:\users\user\desktop\project_minigame\project_minigame_181227\scripts\gameobject.cpp(26): warning C4244: '인수': 'LONG'에서 'float'(으)로 변환하면서 데이터가 손실될 수 있습니다.
  image.cpp
c:\users\user\desktop\project_minigame\project_minigame_181227\scripts\image.cpp(126): warning C4244: '인수': 'int'에서 'float'(으)로 변환하면서 데이터가 손실될 수 있습니다.
c:\users\user\desktop\project_minigame\project_minigame_181227\scripts\image.cpp(160): warning C4244: '인수': 'int'에서 'float'(으)로 변환하면서 데이터가 손실될 수 있습니다.
c:\users\user\desktop\project_minigame\project_minigame_181227\scripts\image.cpp(167): warning C4244: '인수': 'int'에서 'FLOAT'(으)로 변환하면서 데이터가 손실될 수 있습니다.
c:\users\user\desktop\project_minigame\project_minigame_181227\scripts\image.cpp(166): warning C4244: '인수': 'int'에서 'FLOAT'(으)로 변환하면서 데이터가 손실될 수 있습니다.
c:\users\user\desktop\project_minigame\project_minigame_181227\scripts\image.cpp(165): warning C4244: '인수': 'int'에서 'FLOAT'(으)로 변환하면서 데이터가 손실될 수 있습니다.
c:\users\user\desktop\project_minigame\project_minigame_181227\scripts\image.cpp(164): warning C4244: '인수': 'int'에서 'FLOAT'(으)로 변환하면서 데이터가 손실될 수 있습니다.
  ImageLoader.cpp
  imageManager.cpp
  keyManager.cpp
  minion.cpp
  ObjectManager.cpp
  player.cpp
c:\users\user\desktop\project_minigame\project_minigame_181227\scripts\player.cpp(558): warning C4244: '인수': 'double'에서 'float'(으)로 변환하면서 데이터가 손실될 수 있습니다.
c:\users\user\desktop\project_minigame\project_minigame_181227\scripts\player.cpp(664): warning C4838: 'float'에서 'LONG'(으)로의 변환에는 축소 변환이 필요합니다.
c:\users\user\desktop\project_minigame\project_minigame_181227\scripts\player.cpp(664): warning C4244: '초기화 중': 'float'에서 'LONG'(으)로 변환하면서 데이터가 손실될 수 있습니다.
c:\users\user\desktop\project_minigame\project_minigame_181227\scripts\player.cpp(665): warning C4838: 'float'에서 'LONG'(으)로의 변환에는 축소 변환이 필요합니다.
c:\users\user\desktop\project_minigame\project_minigame_181227\scripts\player.cpp(665): warning C4244: '초기화 중': 'float'에서 'LONG'(으)로 변환하면서 데이터가 손실될 수 있습니다.
c:\users\user\desktop\project_minigame\project_minigame_181227\scripts\player.cpp(699): warning C4244: '=': 'LONG'에서 'FLOAT'(으)로 변환하면서 데이터가 손실될 수 있습니다.
  playGround.cpp
  progressBar.cpp
c:\users\user\desktop\project_minigame\project_minigame_181227\scripts\progressbar.h(30): warning C4244: '=': 'int'에서 'float'(으)로 변환하면서 데이터가 손실될 수 있습니다.
c:\users\user\desktop\project_minigame\project_minigame_181227\scripts\progressbar.h(31): warning C4244: '=': 'int'에서 'float'(으)로 변환하면서 데이터가 손실될 수 있습니다.
c:\users\user\desktop\project_minigame\project_minigame_181227\scripts\progressbar.cpp(16): warning C4244: '=': 'int'에서 'float'(으)로 변환하면서 데이터가 손실될 수 있습니다.
c:\users\user\desktop\project_minigame\project_minigame_181227\scripts\progressbar.cpp(17): warning C4244: '=': 'int'에서 'float'(으)로 변환하면서 데이터가 손실될 수 있습니다.
c:\users\user\desktop\project_minigame\project_minigame_181227\scripts\progressbar.cpp(36): warning C4244: '=': 'int'에서 'float'(으)로 변환하면서 데이터가 손실될 수 있습니다.
c:\users\user\desktop\project_minigame\project_minigame_181227\scripts\progressbar.cpp(43): warning C4244: '=': 'int'에서 'float'(으)로 변환하면서 데이터가 손실될 수 있습니다.
c:\users\user\desktop\project_minigame\project_minigame_181227\scripts\progressbar.cpp(44): warning C4244: '=': 'int'에서 'float'(으)로 변환하면서 데이터가 손실될 수 있습니다.
c:\users\user\desktop\project_minigame\project_minigame_181227\scripts\progressbar.cpp(64): warning C4244: '=': 'int'에서 'float'(으)로 변환하면서 데이터가 손실될 수 있습니다.
  stdafx.cpp
  txtData.cpp
c:\users\user\desktop\project_minigame\project_minigame_181227\scripts\txtdata.cpp(50): warning C4018: '<': signed 또는 unsigned가 일치하지 않습니다.
c:\users\user\desktop\project_minigame\project_minigame_181227\scripts\txtdata.cpp(56): warning C4018: '<': signed 또는 unsigned가 일치하지 않습니다.
c:\users\user\desktop\project_minigame\project_minigame_181227\scripts\txtdata.cpp(101): warning C4018: '<': signed 또는 unsigned가 일치하지 않습니다.
c:\users\user\desktop\project_minigame\project_minigame_181227\scripts\txtdata.cpp(115): warning C4018: '<': signed 또는 unsigned가 일치하지 않습니다.
  utils.cpp
  windowsAPI.cpp
  코드를 생성하고 있습니다...
c:\users\user\desktop\project_minigame\project_minigame_181227\scripts\txtdata.cpp(59): warning C4172: 지역 변수 또는 임시: str의 주소를 반환하고 있습니다.
  LINK : C:\Users\USER\Desktop\Project_MiniGame\Project_MiniGame_181227\Debug\Project_MiniGame_181227.exe을(를) 찾을 수 없거나 마지막 증분 링크에 의해 빌드되지 않았습니다. 전체 링크를 수행하고 있습니다.
  Project_MiniGame_181227.vcxproj -> C:\Users\USER\Desktop\Project_MiniGame\Project_MiniGame_181227\Debug\Project_MiniGame_181227.exe
